mode: set
aerospike/asconfig/main.go:8.13,10.2 1 1
aerospike/asconfig/cmd/convert.go:30.13,32.2 1 1
aerospike/asconfig/cmd/convert.go:36.37,51.55 1 1
aerospike/asconfig/cmd/convert.go:51.55,58.18 5 1
aerospike/asconfig/cmd/convert.go:58.18,60.5 1 0
aerospike/asconfig/cmd/convert.go:62.4,65.18 3 1
aerospike/asconfig/cmd/convert.go:65.18,67.5 1 0
aerospike/asconfig/cmd/convert.go:69.4,72.18 3 1
aerospike/asconfig/cmd/convert.go:72.18,74.5 1 0
aerospike/asconfig/cmd/convert.go:76.4,78.18 3 1
aerospike/asconfig/cmd/convert.go:78.18,80.5 1 0
aerospike/asconfig/cmd/convert.go:82.4,83.18 2 1
aerospike/asconfig/cmd/convert.go:83.18,85.5 1 0
aerospike/asconfig/cmd/convert.go:87.4,87.14 1 1
aerospike/asconfig/cmd/convert.go:87.14,89.15 2 1
aerospike/asconfig/cmd/convert.go:89.15,91.6 1 0
aerospike/asconfig/cmd/convert.go:92.5,92.34 1 1
aerospike/asconfig/cmd/convert.go:92.34,93.41 1 0
aerospike/asconfig/cmd/convert.go:93.41,95.7 1 0
aerospike/asconfig/cmd/convert.go:97.5,97.29 1 1
aerospike/asconfig/cmd/convert.go:97.29,99.6 1 0
aerospike/asconfig/cmd/convert.go:102.4,107.18 3 1
aerospike/asconfig/cmd/convert.go:107.18,109.5 1 0
aerospike/asconfig/cmd/convert.go:112.4,112.24 1 1
aerospike/asconfig/cmd/convert.go:112.24,114.5 1 1
aerospike/asconfig/cmd/convert.go:116.4,116.89 1 1
aerospike/asconfig/cmd/convert.go:116.89,123.5 4 1
aerospike/asconfig/cmd/convert.go:125.4,126.38 2 1
aerospike/asconfig/cmd/convert.go:126.38,128.5 1 1
aerospike/asconfig/cmd/convert.go:128.10,130.19 2 1
aerospike/asconfig/cmd/convert.go:130.19,132.6 1 0
aerospike/asconfig/cmd/convert.go:134.5,134.26 1 1
aerospike/asconfig/cmd/convert.go:137.4,139.14 3 1
aerospike/asconfig/cmd/convert.go:142.58,146.33 2 1
aerospike/asconfig/cmd/convert.go:146.33,150.5 2 0
aerospike/asconfig/cmd/convert.go:152.4,152.33 1 1
aerospike/asconfig/cmd/convert.go:152.33,156.5 2 0
aerospike/asconfig/cmd/convert.go:158.4,158.21 1 1
aerospike/asconfig/cmd/convert.go:158.21,160.66 2 1
aerospike/asconfig/cmd/convert.go:160.66,164.6 2 0
aerospike/asconfig/cmd/convert.go:168.4,169.18 2 1
aerospike/asconfig/cmd/convert.go:169.18,172.5 1 0
aerospike/asconfig/cmd/convert.go:174.4,175.18 2 1
aerospike/asconfig/cmd/convert.go:175.18,178.5 1 0
aerospike/asconfig/cmd/convert.go:180.4,180.14 1 1
aerospike/asconfig/cmd/convert.go:180.14,182.5 1 1
aerospike/asconfig/cmd/convert.go:184.4,185.18 2 1
aerospike/asconfig/cmd/convert.go:185.18,188.5 1 0
aerospike/asconfig/cmd/convert.go:190.4,190.14 1 1
aerospike/asconfig/cmd/convert.go:190.14,192.19 2 1
aerospike/asconfig/cmd/convert.go:192.19,196.6 2 0
aerospike/asconfig/cmd/convert.go:200.5,200.19 1 1
aerospike/asconfig/cmd/convert.go:200.19,204.6 2 0
aerospike/asconfig/cmd/convert.go:207.4,207.19 1 1
aerospike/asconfig/cmd/convert.go:213.2,219.12 5 1
aerospike/asconfig/cmd/root.go:29.34,34.68 1 1
aerospike/asconfig/cmd/root.go:34.68,38.18 3 1
aerospike/asconfig/cmd/root.go:38.18,40.5 1 0
aerospike/asconfig/cmd/root.go:42.4,43.18 2 1
aerospike/asconfig/cmd/root.go:43.18,46.5 2 0
aerospike/asconfig/cmd/root.go:48.4,50.19 2 1
aerospike/asconfig/cmd/root.go:54.2,59.12 4 1
aerospike/asconfig/cmd/root.go:64.16,66.16 2 1
aerospike/asconfig/cmd/root.go:66.16,68.3 1 0
aerospike/asconfig/cmd/root.go:74.13,83.16 6 1
aerospike/asconfig/cmd/root.go:83.16,84.13 1 0
aerospike/asconfig/cmd/root.go:87.2,88.54 2 1
aerospike/asconfig/log/log.go:8.39,11.39 2 1
aerospike/asconfig/log/log.go:11.39,14.3 2 1
aerospike/asconfig/log/log.go:16.2,16.8 1 1
aerospike/asconfig/schema/schemamap.go:17.40,21.67 2 1
aerospike/asconfig/schema/schemamap.go:21.67,22.18 1 1
aerospike/asconfig/schema/schemamap.go:22.18,24.5 1 0
aerospike/asconfig/schema/schemamap.go:26.4,26.18 1 1
aerospike/asconfig/schema/schemamap.go:26.18,28.19 2 1
aerospike/asconfig/schema/schemamap.go:28.19,30.6 1 0
aerospike/asconfig/schema/schemamap.go:32.5,34.34 3 1
aerospike/asconfig/schema/schemamap.go:37.4,37.14 1 1
aerospike/asconfig/schema/schemamap.go:39.16,41.3 1 0
aerospike/asconfig/schema/schemamap.go:43.2,43.20 1 1
